Using FiraxisLive API 487375: flClient Live Build:487375
Using ctpLogPath: C:\Users\Duongtuandu\OneDrive\Documents/My Games/Sid Meier's Civilization VI/Logs\
Using ctpGameDataPath: C:\Users\Duongtuandu\Downloads\SMC6.v1.0.9.9.VH_LinkNeverDie.Com\SMC6.v1.0.9.9.VH_LinkNeverDie.Com\\CTP\gamedata\
Creating firaxis live...
FiraxisLive created
Setting firaxis live debug info...
Adding firaxis live notification handlers...
Starting firaxis live...
[2/15/2023 17:41:08.853] FiraxisLive.cpp(282) FiraxisLive::Start - Build: flClient Live Build:487375
[2/15/2023 17:41:08.853] FiraxisLive.cpp(290) FiraxisLive::Start - Client build version: 540535 (0x0000000000083f77) "540535"
[2/15/2023 17:41:08.853] FiraxisLive.cpp(301) FiraxisLive::Start - Creating server connection...
[2/15/2023 17:41:08.853] FiraxisLive.cpp(340) FiraxisLive::Start - Starting up threads...
[2/15/2023 17:41:08.853] Win32Thread.cpp(277) Thread "FiraxisLive Thread" (ID:0x000068f0) has started.
[2/15/2023 17:41:08.853] FiraxisLive.cpp(350) FiraxisLive::Start - Running
[2/15/2023 17:41:08.853] CTPFiraxisLive.cpp(22) CTP version: 2.7.0
[2/15/2023 17:41:08.856] CTPFiraxisLive.cpp(3041) Set locale success
FiraxisLive started
[2/15/2023 17:41:08.859] Win32TCPSocket.cpp(157) 3016: Attempting to connect to login.firaxislive.com:443
[2/15/2023 17:41:09.089] Win32TCPSocket.cpp(167) 3016: Connected to 52.71.52.92:443 (resolved from login.firaxislive.com:443)
[2/15/2023 17:41:09.545] ServerConnection.cpp(398) FiraxisLive::Connected
FiraxisLiveClient StateNotify: WaitingForServerConnection
FiraxisLiveClient StateNotify: KeyExchange
FiraxisLiveClient StateNotify: PreRun
FiraxisLiveClient StateNotify: FirstConnect
FiraxisLiveClient OnDataPushNotify: KeyName=App/FiraxisLive/Configuration/1, NumObjects=1
* KeyName=App/FiraxisLive/OnlineTelemetryConfiguration.xml/blacklist-2018-09-20, Size=876, CreatedDate=1537454249, LastUpdate=1537454249
FiraxisLiveClient OnDataPushNotify: KeyName=App/FiraxisLive/MarketingMessage, NumObjects=1
* KeyName=App/FiraxisLive/MarketingMessage/civ6-motd-2020-11-18.xml, Size=11969, CreatedDate=1605734935, LastUpdate=1605734935
FiraxisLiveClient StateNotify: Running
AppFiraxisLiveClient deferring logon from app init complete
[2/15/2023 17:41:23.872] AnalyticsManager.cpp(285) AnalyticsManager - Queued 8 data points, with a total of 47 attributes.
[2/15/2023 17:41:23.872] ServerConnection.cpp(978) Sending queued messages
AppFiraxisLiveClient starting logon due to ui ready
Beginning platform logon...
[2/15/2023 17:41:30.720] CTPFiraxisLive.cpp(1971) Starting SSO login...
My2KLogon successful
[2/15/2023 17:41:31.005] CTPFiraxisLive.cpp(2198) Failed to get account linked with error 2562 (ERROR_NOT_LOGGED_IN)
[2/15/2023 17:41:31.890] CTPFiraxisLive.cpp(94) SsoLoginCallback success
FiraxisLiveClient UserStateNotify: LoggingIn
FiraxisLiveClient LoginStatusNotify: [type=Login, Successful, account=Platform]: OK
[2/15/2023 17:41:31.892] CTPFiraxisLive.cpp(2440) No legal manifest entries
AppFiraxisLiveClient::DoUpdate - Kando has become connected
[2/15/2023 17:41:31.899] ServerConnection.cpp(978) Sending queued messages
[2/15/2023 17:41:32.303] ServerConnection.cpp(490) Received NewAccessTokenReplyMsg
[2/15/2023 17:41:32.303] ServerConnection.cpp(591) Processing NewAccessTokenReplyMsg - AccessToken:0x40a492385de9ddc7f5298563001c4be2fba4cc7e2db5d59800000186562ac2ea
FiraxisLiveClient UserStateNotify: LoggedIn
[2/15/2023 17:41:32.310] CTPFiraxisLive.cpp(2403) Getting granted entitlements...
[2/15/2023 17:41:33.267] CTPFiraxisLive.cpp(360) GetGrantedEntitlementsCallback success
[2/15/2023 17:41:33.267] CTPFiraxisLive.cpp(367) GetGrantedEntitlements showing 0 of 0 total granted entitlements
FiraxisLiveClient OnGetGrantedEntitlements: [count=0, success=Successful]
[2/15/2023 17:42:17.333] ServerConnection.cpp(483) FiraxisLive::No activity, disconnecting
[2/15/2023 17:42:17.384] Win32TCPSocket.cpp(653) 3016: Close
FiraxisLiveClient StateNotify: Stopped
[2/15/2023 17:45:51.510] InternalAttrib.cpp(119) Add: Invalid attribute name, ignored!
[2/15/2023 17:46:03.147] AnalyticsManager.cpp(285) AnalyticsManager - Queued 2 data points, with a total of 45 attributes.
[2/15/2023 17:46:03.158] Win32TCPSocket.cpp(157) 6140: Attempting to connect to login.firaxislive.com:443
[2/15/2023 17:46:03.394] Win32TCPSocket.cpp(167) 6140: Connected to 52.71.52.92:443 (resolved from login.firaxislive.com:443)
FiraxisLiveClient StateNotify: WaitingForServerConnection
FiraxisLiveClient StateNotify: KeyExchange
[2/15/2023 17:46:03.698] ServerConnection.cpp(398) FiraxisLive::Connected
FiraxisLiveClient StateNotify: PreRun
[2/15/2023 17:46:03.800] ServerConnection.cpp(978) Sending queued messages
FiraxisLiveClient StateNotify: Running
[2/15/2023 17:46:25.948] CTPFiraxisLive.cpp(2283) Queuing telemetry event...
[2/15/2023 17:46:25.949] CTPFiraxisLive.cpp(2348) Successfully queued telemetry event
[2/15/2023 17:46:25.949] CTPFiraxisLive.cpp(278) TelemetryCallback success
[2/15/2023 17:46:25.949] CTPFiraxisLive.cpp(2283) Queuing telemetry event...
[2/15/2023 17:46:25.949] CTPFiraxisLive.cpp(2348) Successfully queued telemetry event
[2/15/2023 17:46:25.949] CTPFiraxisLive.cpp(2283) Queuing telemetry event...
[2/15/2023 17:46:25.949] CTPFiraxisLive.cpp(278) TelemetryCallback success
[2/15/2023 17:46:25.950] CTPFiraxisLive.cpp(2348) Successfully queued telemetry event
[2/15/2023 17:46:25.950] CTPFiraxisLive.cpp(2283) Queuing telemetry event...
[2/15/2023 17:46:25.950] CTPFiraxisLive.cpp(278) TelemetryCallback success
[2/15/2023 17:46:25.950] CTPFiraxisLive.cpp(2348) Successfully queued telemetry event
[2/15/2023 17:46:25.950] CTPFiraxisLive.cpp(2283) Queuing telemetry event...
[2/15/2023 17:46:25.950] CTPFiraxisLive.cpp(278) TelemetryCallback success
[2/15/2023 17:46:25.950] CTPFiraxisLive.cpp(2348) Successfully queued telemetry event
[2/15/2023 17:46:25.950] CTPFiraxisLive.cpp(2283) Queuing telemetry event...
[2/15/2023 17:46:25.950] CTPFiraxisLive.cpp(278) TelemetryCallback success
[2/15/2023 17:46:25.950] CTPFiraxisLive.cpp(2348) Successfully queued telemetry event
[2/15/2023 17:46:25.950] CTPFiraxisLive.cpp(278) TelemetryCallback success
[2/15/2023 17:46:25.950] CTPFiraxisLive.cpp(2283) Queuing telemetry event...
[2/15/2023 17:46:25.950] CTPFiraxisLive.cpp(2348) Successfully queued telemetry event
[2/15/2023 17:46:25.950] CTPFiraxisLive.cpp(2283) Queuing telemetry event...
[2/15/2023 17:46:25.950] CTPFiraxisLive.cpp(2348) Successfully queued telemetry event
[2/15/2023 17:46:25.950] CTPFiraxisLive.cpp(2283) Queuing telemetry event...
[2/15/2023 17:46:25.950] CTPFiraxisLive.cpp(278) TelemetryCallback success
[2/15/2023 17:46:25.950] CTPFiraxisLive.cpp(278) TelemetryCallback success
[2/15/2023 17:46:25.951] CTPFiraxisLive.cpp(2348) Successfully queued telemetry event
[2/15/2023 17:46:25.951] CTPFiraxisLive.cpp(2283) Queuing telemetry event...
[2/15/2023 17:46:25.951] CTPFiraxisLive.cpp(2348) Successfully queued telemetry event
[2/15/2023 17:46:25.951] CTPFiraxisLive.cpp(2283) Queuing telemetry event...
[2/15/2023 17:46:25.951] CTPFiraxisLive.cpp(278) TelemetryCallback success
[2/15/2023 17:46:25.952] CTPFiraxisLive.cpp(2348) Successfully queued telemetry event
[2/15/2023 17:46:25.952] CTPFiraxisLive.cpp(2283) Queuing telemetry event...
[2/15/2023 17:46:25.952] CTPFiraxisLive.cpp(2348) Successfully queued telemetry event
[2/15/2023 17:46:25.952] CTPFiraxisLive.cpp(2283) Queuing telemetry event...
[2/15/2023 17:46:25.952] CTPFiraxisLive.cpp(278) TelemetryCallback success
[2/15/2023 17:46:25.952] CTPFiraxisLive.cpp(2348) Successfully queued telemetry event
[2/15/2023 17:46:25.952] CTPFiraxisLive.cpp(278) TelemetryCallback success
[2/15/2023 17:46:25.952] CTPFiraxisLive.cpp(278) TelemetryCallback success
[2/15/2023 17:46:25.952] CTPFiraxisLive.cpp(278) TelemetryCallback success
[2/15/2023 17:46:48.716] ServerConnection.cpp(483) FiraxisLive::No activity, disconnecting
[2/15/2023 17:46:48.766] Win32TCPSocket.cpp(653) 6140: Close
FiraxisLiveClient StateNotify: Stopped
[2/15/2023 17:48:37.848] CTPFiraxisLive.cpp(2283) Queuing telemetry event...
[2/15/2023 17:48:37.848] CTPFiraxisLive.cpp(2348) Successfully queued telemetry event
[2/15/2023 17:48:37.848] CTPFiraxisLive.cpp(2283) Queuing telemetry event...
[2/15/2023 17:48:37.848] CTPFiraxisLive.cpp(278) TelemetryCallback success
[2/15/2023 17:48:37.848] CTPFiraxisLive.cpp(2348) Successfully queued telemetry event
[2/15/2023 17:48:37.848] CTPFiraxisLive.cpp(2283) Queuing telemetry event...
[2/15/2023 17:48:37.848] CTPFiraxisLive.cpp(278) TelemetryCallback success
[2/15/2023 17:48:37.848] CTPFiraxisLive.cpp(2348) Successfully queued telemetry event
[2/15/2023 17:48:37.848] CTPFiraxisLive.cpp(278) TelemetryCallback success
[2/15/2023 17:48:37.848] CTPFiraxisLive.cpp(2283) Queuing telemetry event...
[2/15/2023 17:48:37.848] CTPFiraxisLive.cpp(2348) Successfully queued telemetry event
[2/15/2023 17:48:37.848] CTPFiraxisLive.cpp(2283) Queuing telemetry event...
[2/15/2023 17:48:37.848] CTPFiraxisLive.cpp(278) TelemetryCallback success
[2/15/2023 17:48:37.848] CTPFiraxisLive.cpp(2348) Successfully queued telemetry event
[2/15/2023 17:48:37.848] CTPFiraxisLive.cpp(278) TelemetryCallback success
[2/15/2023 17:49:19.405] CTPFiraxisLive.cpp(2283) Queuing telemetry event...
[2/15/2023 17:49:19.405] CTPFiraxisLive.cpp(2348) Successfully queued telemetry event
[2/15/2023 17:49:19.405] CTPFiraxisLive.cpp(2283) Queuing telemetry event...
[2/15/2023 17:49:19.405] CTPFiraxisLive.cpp(278) TelemetryCallback success
[2/15/2023 17:49:19.405] CTPFiraxisLive.cpp(2348) Successfully queued telemetry event
[2/15/2023 17:49:19.405] CTPFiraxisLive.cpp(2283) Queuing telemetry event...
[2/15/2023 17:49:19.405] CTPFiraxisLive.cpp(2348) Successfully queued telemetry event
[2/15/2023 17:49:19.405] CTPFiraxisLive.cpp(2283) Queuing telemetry event...
[2/15/2023 17:49:19.406] CTPFiraxisLive.cpp(2348) Successfully queued telemetry event
[2/15/2023 17:49:19.406] CTPFiraxisLive.cpp(2283) Queuing telemetry event...
[2/15/2023 17:49:19.406] CTPFiraxisLive.cpp(2348) Successfully queued telemetry event
[2/15/2023 17:49:19.407] CTPFiraxisLive.cpp(278) TelemetryCallback success
[2/15/2023 17:49:19.407] CTPFiraxisLive.cpp(278) TelemetryCallback success
[2/15/2023 17:49:19.407] CTPFiraxisLive.cpp(278) TelemetryCallback success
[2/15/2023 17:49:19.407] CTPFiraxisLive.cpp(278) TelemetryCallback success
[2/15/2023 17:49:45.925] CTPFiraxisLive.cpp(2283) Queuing telemetry event...
[2/15/2023 17:49:45.925] CTPFiraxisLive.cpp(2348) Successfully queued telemetry event
[2/15/2023 17:49:45.925] CTPFiraxisLive.cpp(2283) Queuing telemetry event...
[2/15/2023 17:49:45.925] CTPFiraxisLive.cpp(2348) Successfully queued telemetry event
[2/15/2023 17:49:45.925] CTPFiraxisLive.cpp(278) TelemetryCallback success
[2/15/2023 17:49:45.925] CTPFiraxisLive.cpp(2283) Queuing telemetry event...
[2/15/2023 17:49:45.925] CTPFiraxisLive.cpp(278) TelemetryCallback success
[2/15/2023 17:49:45.925] CTPFiraxisLive.cpp(2348) Successfully queued telemetry event
[2/15/2023 17:49:45.925] CTPFiraxisLive.cpp(2283) Queuing telemetry event...
[2/15/2023 17:49:45.925] CTPFiraxisLive.cpp(278) TelemetryCallback success
[2/15/2023 17:49:45.925] CTPFiraxisLive.cpp(2348) Successfully queued telemetry event
[2/15/2023 17:49:45.925] CTPFiraxisLive.cpp(2283) Queuing telemetry event...
[2/15/2023 17:49:45.925] CTPFiraxisLive.cpp(2348) Successfully queued telemetry event
[2/15/2023 17:49:45.925] CTPFiraxisLive.cpp(278) TelemetryCallback success
[2/15/2023 17:49:45.925] CTPFiraxisLive.cpp(2283) Queuing telemetry event...
[2/15/2023 17:49:45.925] CTPFiraxisLive.cpp(278) TelemetryCallback success
[2/15/2023 17:49:45.925] CTPFiraxisLive.cpp(2348) Successfully queued telemetry event
[2/15/2023 17:49:45.925] CTPFiraxisLive.cpp(278) TelemetryCallback success
[2/15/2023 17:49:49.524] AnalyticsManager.cpp(285) AnalyticsManager - Queued 2 data points, with a total of 6 attributes.
[2/15/2023 17:49:49.552] Win32TCPSocket.cpp(157) 3068: Attempting to connect to login.firaxislive.com:443
[2/15/2023 17:49:49.785] Win32TCPSocket.cpp(167) 3068: Connected to 54.227.154.61:443 (resolved from login.firaxislive.com:443)
[2/15/2023 17:49:50.139] ServerConnection.cpp(398) FiraxisLive::Connected
[2/15/2023 17:49:50.240] ServerConnection.cpp(978) Sending queued messages
[2/15/2023 17:49:51.251] CTPFiraxisLive.cpp(451) FlushAllQueuesCallback success
[2/15/2023 17:49:51.336] Notifications.cpp(170) Notifications: Removed receipt 1 from "StateChange"
[2/15/2023 17:49:51.336] Notifications.cpp(174) Notifications: No more callbacks exist for notification "StateChange", it has been removed as well.
[2/15/2023 17:49:51.336] Notifications.cpp(170) Notifications: Removed receipt 2 from "UserStateChange"
[2/15/2023 17:49:51.336] Notifications.cpp(174) Notifications: No more callbacks exist for notification "UserStateChange", it has been removed as well.
[2/15/2023 17:49:51.336] Notifications.cpp(170) Notifications: Removed receipt 3 from "ConnectionFailure"
[2/15/2023 17:49:51.336] Notifications.cpp(174) Notifications: No more callbacks exist for notification "ConnectionFailure", it has been removed as well.
[2/15/2023 17:49:51.336] Notifications.cpp(170) Notifications: Removed receipt 4 from "KVPData"
[2/15/2023 17:49:51.336] Notifications.cpp(174) Notifications: No more callbacks exist for notification "KVPData", it has been removed as well.
[2/15/2023 17:49:51.336] Notifications.cpp(170) Notifications: Removed receipt 5 from "KVPDataError"
[2/15/2023 17:49:51.336] Notifications.cpp(174) Notifications: No more callbacks exist for notification "KVPDataError", it has been removed as well.
[2/15/2023 17:49:51.336] Notifications.cpp(170) Notifications: Removed receipt 6 from "KVPDataProgress"
[2/15/2023 17:49:51.336] Notifications.cpp(174) Notifications: No more callbacks exist for notification "KVPDataProgress", it has been removed as well.
[2/15/2023 17:49:51.336] Notifications.cpp(170) Notifications: Removed receipt 7 from "KVPDataList"
[2/15/2023 17:49:51.336] Notifications.cpp(174) Notifications: No more callbacks exist for notification "KVPDataList", it has been removed as well.
[2/15/2023 17:49:51.336] Notifications.cpp(170) Notifications: Removed receipt 8 from "SimpleKVP"
[2/15/2023 17:49:51.336] Notifications.cpp(174) Notifications: No more callbacks exist for notification "SimpleKVP", it has been removed as well.
[2/15/2023 17:49:51.336] Notifications.cpp(170) Notifications: Removed receipt 9 from "SimpleKVPInfo"
[2/15/2023 17:49:51.336] Notifications.cpp(174) Notifications: No more callbacks exist for notification "SimpleKVPInfo", it has been removed as well.
[2/15/2023 17:49:51.336] Notifications.cpp(170) Notifications: Removed receipt 10 from "DataPush"
[2/15/2023 17:49:51.336] Notifications.cpp(174) Notifications: No more callbacks exist for notification "DataPush", it has been removed as well.
[2/15/2023 17:49:51.336] Notifications.cpp(170) Notifications: Removed receipt 11 from "MatchListData"
[2/15/2023 17:49:51.336] Notifications.cpp(174) Notifications: No more callbacks exist for notification "MatchListData", it has been removed as well.
[2/15/2023 17:49:51.336] Notifications.cpp(170) Notifications: Removed receipt 12 from "MatchCreateData"
[2/15/2023 17:49:51.336] Notifications.cpp(174) Notifications: No more callbacks exist for notification "MatchCreateData", it has been removed as well.
[2/15/2023 17:49:51.336] Notifications.cpp(170) Notifications: Removed receipt 13 from "MatchJoin"
[2/15/2023 17:49:51.336] Notifications.cpp(174) Notifications: No more callbacks exist for notification "MatchJoin", it has been removed as well.
[2/15/2023 17:49:51.336] Notifications.cpp(170) Notifications: Removed receipt 14 from "MatchStartMatch"
[2/15/2023 17:49:51.336] Notifications.cpp(174) Notifications: No more callbacks exist for notification "MatchStartMatch", it has been removed as well.
[2/15/2023 17:49:51.336] Notifications.cpp(170) Notifications: Removed receipt 15 from "MatchEndMatch"
[2/15/2023 17:49:51.336] Notifications.cpp(174) Notifications: No more callbacks exist for notification "MatchEndMatch", it has been removed as well.
[2/15/2023 17:49:51.336] Notifications.cpp(170) Notifications: Removed receipt 16 from "MatchKillMatch"
[2/15/2023 17:49:51.336] Notifications.cpp(174) Notifications: No more callbacks exist for notification "MatchKillMatch", it has been removed as well.
[2/15/2023 17:49:51.336] Notifications.cpp(170) Notifications: Removed receipt 17 from "MatchQuitMatch"
[2/15/2023 17:49:51.336] Notifications.cpp(174) Notifications: No more callbacks exist for notification "MatchQuitMatch", it has been removed as well.
[2/15/2023 17:49:51.336] Notifications.cpp(170) Notifications: Removed receipt 18 from "MatchEndTurn"
[2/15/2023 17:49:51.336] Notifications.cpp(174) Notifications: No more callbacks exist for notification "MatchEndTurn", it has been removed as well.
[2/15/2023 17:49:51.336] Notifications.cpp(170) Notifications: Removed receipt 19 from "MatchKickPlayer"
[2/15/2023 17:49:51.336] Notifications.cpp(174) Notifications: No more callbacks exist for notification "MatchKickPlayer", it has been removed as well.
[2/15/2023 17:49:51.336] Notifications.cpp(170) Notifications: Removed receipt 20 from "MatchUpdateAttributes"
[2/15/2023 17:49:51.336] Notifications.cpp(174) Notifications: No more callbacks exist for notification "MatchUpdateAttributes", it has been removed as well.
[2/15/2023 17:49:51.336] Notifications.cpp(170) Notifications: Removed receipt 21 from "MatchUpdateSaveGame"
[2/15/2023 17:49:51.336] Notifications.cpp(174) Notifications: No more callbacks exist for notification "MatchUpdateSaveGame", it has been removed as well.
[2/15/2023 17:49:51.336] Notifications.cpp(170) Notifications: Removed receipt 22 from "MatchSetPlayerMetaData"
[2/15/2023 17:49:51.336] Notifications.cpp(174) Notifications: No more callbacks exist for notification "MatchSetPlayerMetaData", it has been removed as well.
[2/15/2023 17:49:51.336] Notifications.cpp(170) Notifications: Removed receipt 23 from "MatchSetPlayerOrder"
[2/15/2023 17:49:51.336] Notifications.cpp(174) Notifications: No more callbacks exist for notification "MatchSetPlayerOrder", it has been removed as well.
[2/15/2023 17:49:51.336] Notifications.cpp(170) Notifications: Removed receipt 24 from "MatchSetPlayerStatus"
[2/15/2023 17:49:51.336] Notifications.cpp(174) Notifications: No more callbacks exist for notification "MatchSetPlayerStatus", it has been removed as well.
[2/15/2023 17:49:51.336] Notifications.cpp(170) Notifications: Removed receipt 25 from "MatchSetSlotType"
[2/15/2023 17:49:51.336] Notifications.cpp(174) Notifications: No more callbacks exist for notification "MatchSetSlotType", it has been removed as well.
[2/15/2023 17:49:51.336] Notifications.cpp(170) Notifications: Removed receipt 26 from "MatchGetInfo"
[2/15/2023 17:49:51.336] Notifications.cpp(174) Notifications: No more callbacks exist for notification "MatchGetInfo", it has been removed as well.
[2/15/2023 17:49:51.336] Notifications.cpp(170) Notifications: Removed receipt 27 from "MatchGetSaveGame"
[2/15/2023 17:49:51.336] Notifications.cpp(174) Notifications: No more callbacks exist for notification "MatchGetSaveGame", it has been removed as well.
[2/15/2023 17:49:51.336] Notifications.cpp(170) Notifications: Removed receipt 28 from "my2KLogonData"
[2/15/2023 17:49:51.336] Notifications.cpp(174) Notifications: No more callbacks exist for notification "my2KLogonData", it has been removed as well.
[2/15/2023 17:49:51.336] Notifications.cpp(170) Notifications: Removed receipt 29 from "my2KNewAccountInfo"
[2/15/2023 17:49:51.336] Notifications.cpp(174) Notifications: No more callbacks exist for notification "my2KNewAccountInfo", it has been removed as well.
[2/15/2023 17:49:51.336] Notifications.cpp(170) Notifications: Removed receipt 30 from "my2KDOBInfo"
[2/15/2023 17:49:51.336] Notifications.cpp(174) Notifications: No more callbacks exist for notification "my2KDOBInfo", it has been removed as well.
[2/15/2023 17:49:51.336] Notifications.cpp(170) Notifications: Removed receipt 31 from "my2KLegalAccept"
[2/15/2023 17:49:51.336] Notifications.cpp(174) Notifications: No more callbacks exist for notification "my2KLegalAccept", it has been removed as well.
[2/15/2023 17:49:51.336] Notifications.cpp(170) Notifications: Removed receipt 32 from "my2KConnectionStatus"
[2/15/2023 17:49:51.336] Notifications.cpp(174) Notifications: No more callbacks exist for notification "my2KConnectionStatus", it has been removed as well.
[2/15/2023 17:49:51.336] Notifications.cpp(170) Notifications: Removed receipt 33 from "my2KLoggedOffStatus"
[2/15/2023 17:49:51.336] Notifications.cpp(174) Notifications: No more callbacks exist for notification "my2KLoggedOffStatus", it has been removed as well.
[2/15/2023 17:49:51.336] Notifications.cpp(170) Notifications: Removed receipt 34 from "my2KLoginStatus"
[2/15/2023 17:49:51.336] Notifications.cpp(174) Notifications: No more callbacks exist for notification "my2KLoginStatus", it has been removed as well.
[2/15/2023 17:49:51.336] Notifications.cpp(170) Notifications: Removed receipt 35 from "my2KGrantedEntitlements"
[2/15/2023 17:49:51.336] Notifications.cpp(174) Notifications: No more callbacks exist for notification "my2KGrantedEntitlements", it has been removed as well.
[2/15/2023 17:49:51.336] FiraxisLive.cpp(112) FiraxisLive: Releasing...
[2/15/2023 17:49:51.336] FiraxisLive.cpp(1476) FiraxisLive::Shutdown - Shutting down...
[2/15/2023 17:49:51.336] FiraxisLive.cpp(1483) FiraxisLive::Shutdown - Removing FiraxisLive my2K Manager...
[2/15/2023 17:49:51.347] FiraxisLive.cpp(1490) FiraxisLive::Shutdown - Creating End Session data...
[2/15/2023 17:49:51.347] FiraxisLive.cpp(1494) FiraxisLive::Shutdown - Flushing all analytics...
[2/15/2023 17:49:51.347] FiraxisLive.cpp(1498) FiraxisLive::Shutdown - Flushing KVPQueue::Default data...
[2/15/2023 17:49:51.347] FiraxisLive.cpp(1502) FiraxisLive::Shutdown - Flushing messages...
[2/15/2023 17:49:51.347] ServerConnection.cpp(978) Sending queued messages
[2/15/2023 17:49:51.347] FiraxisLive.cpp(1558) FiraxisLive::Shutdown - Stopping FiraxisLive processing thread...
[2/15/2023 17:49:51.349] Win32Thread.cpp(353) Thread "FiraxisLive Thread" (ID:0x000068f0) has shut down.
[2/15/2023 17:49:51.349] Win32Thread.cpp(39) Thread "FiraxisLive Thread" (ID:0x000068f0) is being destroyed.
[2/15/2023 17:49:51.349] FiraxisLive.cpp(1562) FiraxisLive::Shutdown - Removing FiraxisLive AnalyticsManager...
[2/15/2023 17:49:51.349] FiraxisLive.cpp(1565) FiraxisLive::Shutdown - Removing FiraxisLive MatchMaking...
[2/15/2023 17:49:51.349] FiraxisLive.cpp(1568) FiraxisLive::Shutdown - Removing FiraxisLive Key-Value-Pair Manager...
[2/15/2023 17:49:51.350] FiraxisLive.cpp(1572) FiraxisLive::Shutdown - Removing FiraxisLive connector...
[2/15/2023 17:49:51.350] Win32TCPSocket.cpp(653) 3068: Close
[2/15/2023 17:49:51.682] FiraxisLive.cpp(1575) FiraxisLive::Shutdown - Removing Notifications...
[2/15/2023 17:49:51.682] Notifications.cpp(18) Notifications: Going away...
[2/15/2023 17:49:51.682] FiraxisLive.cpp(1584) FiraxisLive::Shutdown - Complete
