[2023-02-16 00:41:00]	Civ6App::InitialInit start.
[2023-02-16 00:41:00]	Game Version = 1.0.9.9 (540535)
[2023-02-16 00:41:00]	Running App::EOS::SetupService() ...
[2023-02-16 00:41:00]	EOSSystemEventHandler Startup
[2023-02-16 00:41:00]	Running SetupReflectionTypeInfo() ...
[2023-02-16 00:41:00]	Running SetupErrorHandling() ...
[2023-02-16 00:41:00]	Running DoGraphicsDeviceSelection() ...
[2023-02-16 00:41:01]	Selected graphics device is: NVIDIA GeForce RTX 3050 Laptop GPU.  Device ID: 9634.  Index: 0
[2023-02-16 00:41:04]	Unable to determine Graphics Performance Level. Defaulting graphics settings to medium.
[2023-02-16 00:41:04]	Running RegisterEvents() ...
[2023-02-16 00:41:04]	Running SetupNetworkLobbyService() ...
[2023-02-16 00:41:04]	SetupNetworkLobbyService()
[2023-02-16 00:41:04]	Running SetupMemoryTracker() ...
[2023-02-16 00:41:04]	Running SetupFileSystem() ...
[2023-02-16 00:41:04]	Running SetupLogging() ...
[2023-02-16 00:41:04]	Running SetupDedicatedServer() ...
[2023-02-16 00:41:04]	Running SetupNetwork() ...
[2023-02-16 00:41:04]	CommandLine = 
[2023-02-16 00:41:04]	Running SetupDatabase() ...
[2023-02-16 00:41:08]	Running SetupLocalization() ...
[2023-02-16 00:41:08]	Running SetupContentPaths() ...
[2023-02-16 00:41:08]	Running SetupOwnership() ...
[2023-02-16 00:41:08]	Running GameCore::InitializeApplicationSupport() ...
[2023-02-16 00:41:08]	Game Core Thread Count = 4.
[2023-02-16 00:41:08]	Game Core Unit Pathing Thread Count = 4.
[2023-02-16 00:41:08]	Game Core Trade Pathing Thread Count = 4.
[2023-02-16 00:41:08]	Civ6App::InitialInit end.
[2023-02-16 00:41:08]	Civ6App::GUIInit start.
[2023-02-16 00:41:08]	Running SetupGraphics() ...
[2023-02-16 00:41:09]	Running SetupArtManager() ...
[2023-02-16 00:41:09]	Running SetupUI() ...
[2023-02-16 00:41:09]	Running SubscribeToEvents() ...
[2023-02-16 00:41:09]	Running SetupGameStates() ...
[2023-02-16 00:41:09]	Running SetupInput() ...
[2023-02-16 00:41:09]	Starting search engine.
[2023-02-16 00:41:09]	Setting up achievements.
[2023-02-16 00:41:09]	Setting up scripting.
[2023-02-16 00:41:09]	Setting up modding.
[2023-02-16 00:41:12]	Running SetupTuner() ...
[2023-02-16 00:41:12]	Setting up tuner.
[2023-02-16 00:41:12]	Spawning async init job.
[2023-02-16 00:41:12]	Civ6App::GUIInit end.
[2023-02-16 00:41:12]	Running SetupAudio(uiSystemInitFlags) ...
[2023-02-16 00:41:13]	Running Granny::Initialize() ...
[2023-02-16 00:41:13]	Running SetupBinarySerialization() ...
Max size of g_EventSystemSerial's publish queue = 96640
Max size of g_EventSystemGameCore's publish queue = 31408
Max size of g_EventSystemLocalMachine's publish queue = 8960
