Structure: NaturalWonderElementSet: 0.0100 MB, 0.00s
Structure: RiverSourceElementSet: 0.0208 MB, 0.01s
Structure: MountainElementSet: 0.0008 MB, 0.00s
Structure: MountainElementSet: 0.0067 MB, 0.00s
Structure: CoastlineSplines: 0.6865 MB, 0.01s
Structure: CliffClutter: 0.0000 MB, 0.00s
Structure: CliffClutter: 0.0368 MB, 0.08s
Structure: CliffClutter: 0.0000 MB, 0.00s
Structure: IceSplines: 0.4539 MB, 0.01s
Structure: ShallowsHeightHexGrid: 0.0553 MB, 0.02s
Structure: LandHexHeightGrid: 0.0553 MB, 0.06s
Structure: DesertMountainFeaturelines: 0.0071 MB, 0.00s
Structure: RidgelineMountainFeaturelines: 0.1913 MB, 0.00s
Structure: RiverFeaturelines: 0.7755 MB, 0.00s
GenerateStructures: 0.205525 s
BuildTerrainDatabases: 0.001892 s
SetupMapPasses: 0.000252 s
Map Pass 0: OceanMask (0.0000 MB, 0.00s)
Map Pass 1: LandMask (1.6183 MB, 0.04s)
Map Pass 2: IceMask (1.3959 MB, 0.04s)
Map Pass 3: ShallowsHeight (1.1284 MB, 0.04s)
Map Pass 4: LandHeight (1.1284 MB, 0.04s)
Map Pass 5: IceHeight (0.0000 MB, 0.00s)
Map Pass 6: Standard Hills (1.0316 MB, 0.19s)
Map Pass 7: Desert Hills (1.0177 MB, 0.04s)
Map Pass 8: MountainElements (0.0075 MB, 0.00s)
Map Pass 9: RidgelineMountainsHeight (0.5209 MB, 0.00s)
Map Pass 10: FlatLandHeight (0.2555 MB, 0.00s)
Map Pass 11: CoastlineBlend (0.3541 MB, 0.00s)
Map Pass 12: NaturalWonders (0.0077 MB, 0.00s)
Map Pass 13: IceShelfBlend (0.2170 MB, 0.00s)
Map Pass 14: RiverSources (0.0085 MB, 0.00s)
Map Pass 15: RiverHeights (0.3996 MB, 0.00s)
Map Pass 16: FinalIDPass (0.0650 MB, 0.00s)
Map Pass 17: TerrainContextExport (20.0077 MB, 0.00s)
SetupGlobalData: 0.407837 s
SetupGlobalData(memory): 31.5381 MB
SetupJobData: 82.1967 MB
SetupJobData: 0.010279 s
ProcessTiles: 4.615036 s
Map Pass 0: OceanMask (0.01s Build Time)
Map Pass 1: LandMask (0.42s Build Time)
Map Pass 2: IceMask (0.17s Build Time)
Map Pass 3: ShallowsHeight (0.88s Build Time)
Map Pass 4: LandHeight (0.64s Build Time)
Map Pass 5: IceHeight (0.04s Build Time)
Map Pass 6: Standard Hills (1.39s Build Time)
Map Pass 7: Desert Hills (0.28s Build Time)
Map Pass 8: MountainElements (0.04s Build Time)
Map Pass 9: RidgelineMountainsHeight (1.34s Build Time)
Map Pass 10: FlatLandHeight (2.13s Build Time)
Map Pass 11: CoastlineBlend (1.58s Build Time)
Map Pass 12: NaturalWonders (0.07s Build Time)
Map Pass 13: IceShelfBlend (0.51s Build Time)
Map Pass 14: RiverSources (0.11s Build Time)
Map Pass 15: RiverHeights (2.77s Build Time)
Map Pass 16: FinalIDPass (0.28s Build Time)
Map Pass 17: TerrainContextExport (3.40s Build Time)
	 BuildCellData (0.00s Build Time)
	 Downsample (0.24s Build Time)
	 BuildCellGeometry_BaseMesh (1.26s Build Time)
		 ClearTime (0.02s Build Time)
		 EmitTessMask (0.56s Build Time)
		 FillTessMask (0.07s Build Time)
		 UpsampleTessMask (0.25s Build Time)
		 BuildCellGeometry (0.08s Build Time)
		 ComputeNormals (0.06s Build Time)
		 BuildFinalVB (0.21s Build Time)
	 BuildSamplerMesh (0.05s Build Time)
	 BuildCellGeometry_IDMesh (1.75s Build Time)
		 ClearTime (0.00s Build Time)
		 BuildIDMap (0.37s Build Time)
		 EmitTessMask (1.02s Build Time)
		 FillTessMask (0.06s Build Time)
		 UpsampleTessMask (0.21s Build Time)
		 BuildCellGeometry (0.06s Build Time)
		 BuildFinalVB (0.02s Build Time)
	 OutputGeometry (0.10s Build Time)
SynthesizeTerrain: 5.033234 s
Total geometry memory: 25.00MB (7.85MB wasted)
	IB memory: 14.00MB (3.21MB wasted)
	Base VB memory: 7.00MB (2.42MB wasted)
	ID VB memory: 4.00MB (2.21MB wasted)
Total TerrainSampler memory: 6.02MB
---------------------------------------------
---------------------------------------------
Terrain rendering data memory: 8.38 MB (Compression data: 1.50 MB)
Terrain fixed cache texture memory: 28.83 MB
Terrain view cache texture memory: 63.93 MB
Terrain cache TOTAL memory: 101.14 MB
---------------------------------------------
---------------------------------------------
